2021-11-12 16:43:29,386 INFO notifyConnectTimeout:200

2021-11-12 16:43:29,402 INFO notifySocketTimeout:8000

2021-11-12 16:43:29,403 INFO isHealthCheck:true

2021-11-12 16:43:29,403 INFO maxHealthCheckFailCount:12

2021-11-12 16:43:29,403 INFO maxContent:10485760

2021-11-12 16:43:43,055 INFO use local db service for init

2021-11-12 16:43:48,401 WARN Lexical error at line 4, column 66.  Encountered: <EOF> after : "".

2021-11-12 16:43:48,429 WARN Syntax error: Encountered "*" at line 1, column 1.

2021-11-12 16:43:49,038 WARN Table/View 'CONFIG_INFO' already exists in Schema 'NACOS'.

2021-11-12 16:43:49,602 WARN Table/View 'HIS_CONFIG_INFO' already exists in Schema 'NACOS'.

2021-11-12 16:43:49,762 WARN Table/View 'CONFIG_INFO_BETA' already exists in Schema 'NACOS'.

2021-11-12 16:43:49,870 WARN Table/View 'CONFIG_INFO_TAG' already exists in Schema 'NACOS'.

2021-11-12 16:43:49,941 WARN Table/View 'CONFIG_INFO_AGGR' already exists in Schema 'NACOS'.

2021-11-12 16:43:50,103 WARN Table/View 'APP_LIST' already exists in Schema 'NACOS'.

2021-11-12 16:43:50,197 WARN Table/View 'APP_CONFIGDATA_RELATION_SUBS' already exists in Schema 'NACOS'.

2021-11-12 16:43:50,361 WARN Table/View 'APP_CONFIGDATA_RELATION_PUBS' already exists in Schema 'NACOS'.

2021-11-12 16:43:50,451 WARN Table/View 'CONFIG_TAGS_RELATION' already exists in Schema 'NACOS'.

2021-11-12 16:43:50,596 WARN Table/View 'GROUP_CAPACITY' already exists in Schema 'NACOS'.

2021-11-12 16:43:50,770 WARN Table/View 'TENANT_CAPACITY' already exists in Schema 'NACOS'.

2021-11-12 16:43:51,050 WARN Table/View 'TENANT_INFO' already exists in Schema 'NACOS'.

2021-11-12 16:43:51,177 WARN Table/View 'USERS' already exists in Schema 'NACOS'.

2021-11-12 16:43:51,277 WARN Table/View 'ROLES' already exists in Schema 'NACOS'.

2021-11-12 16:43:51,369 WARN Table/View 'PERMISSIONS' already exists in Schema 'NACOS'.

2021-11-12 16:43:51,554 WARN The statement was aborted because it would have caused a duplicate key value in a unique or primary key constraint or unique index identified by 'SQL211021143724220' defined on 'USERS'.

2021-11-12 16:43:51,577 WARN The statement was aborted because it would have caused a duplicate key value in a unique or primary key constraint or unique index identified by 'UK_USERNAME_ROLE' defined on 'ROLES'.

2021-11-12 16:43:51,578 WARN Lexical error at line 4, column 13.  Encountered: "`" (96), after : "".

2021-11-12 16:43:51,578 WARN Lexical error at line 1, column 13.  Encountered: "`" (96), after : "".

2021-11-12 16:43:51,579 WARN Lexical error at line 1, column 13.  Encountered: "`" (96), after : "".

2021-11-12 16:43:51,579 WARN Lexical error at line 1, column 13.  Encountered: "`" (96), after : "".

2021-11-12 16:43:51,579 INFO use StandaloneDatabaseOperateImpl

2021-11-12 16:43:55,854 WARN DumpService start

2021-11-12 16:43:55,858 INFO start clear all config-info.

2021-11-12 16:43:55,859 WARN clear all config-info failed.

2021-11-12 16:43:55,859 WARN clear all config-info-tenant failed.

2021-11-12 16:43:55,994 INFO start clear all config-info-beta.

2021-11-12 16:43:55,995 WARN clear all config-info-beta failed.

2021-11-12 16:43:55,995 WARN clear all config-info-beta-tenant failed.

2021-11-12 16:43:56,017 INFO start clear all config-info-tag.

2021-11-12 16:43:56,017 WARN clear all config-info-tag failed.

2021-11-12 16:43:56,017 WARN clear all config-info-tag-tenant failed.

