2021-11-12 16:44:29,532 INFO PERFORMANCE:|serviceCount|ipCount|subscribeCount|maxPushCost|avgPushCost|totalPushCount|failPushCount

2021-11-12 16:44:29,571 INFO PERFORMANCE:|0|0|0|-1|-1|0|0

2021-11-12 16:44:29,573 INFO Task worker status: 
naming_0%4, pending tasks: 0
naming_1%4, pending tasks: 0
naming_2%4, pending tasks: 0
naming_3%4, pending tasks: 0


2021-11-12 16:45:29,584 INFO PERFORMANCE:|1|1|1|593|591|3|0

2021-11-12 16:45:29,585 INFO Task worker status: 
naming_0%4, pending tasks: 0
naming_1%4, pending tasks: 0
naming_2%4, pending tasks: 0
naming_3%4, pending tasks: 0


2021-11-12 16:46:29,596 INFO PERFORMANCE:|1|1|1|601|562|9|0

2021-11-12 16:46:29,596 INFO Task worker status: 
naming_0%4, pending tasks: 0
naming_1%4, pending tasks: 0
naming_2%4, pending tasks: 0
naming_3%4, pending tasks: 0


2021-11-12 16:47:29,610 INFO PERFORMANCE:|1|1|1|611|578|15|0

2021-11-12 16:47:29,610 INFO Task worker status: 
naming_0%4, pending tasks: 0
naming_1%4, pending tasks: 0
naming_2%4, pending tasks: 0
naming_3%4, pending tasks: 0


2021-11-12 16:48:29,622 INFO PERFORMANCE:|1|1|1|577|542|21|0

2021-11-12 16:48:29,622 INFO Task worker status: 
naming_0%4, pending tasks: 0
naming_1%4, pending tasks: 0
naming_2%4, pending tasks: 0
naming_3%4, pending tasks: 0


2021-11-12 16:49:29,630 INFO PERFORMANCE:|1|1|1|600|559|27|0

2021-11-12 16:49:29,632 INFO Task worker status: 
naming_0%4, pending tasks: 0
naming_1%4, pending tasks: 0
naming_2%4, pending tasks: 0
naming_3%4, pending tasks: 0


2021-11-12 16:50:29,650 INFO PERFORMANCE:|1|1|1|610|579|33|0

2021-11-12 16:50:29,650 INFO Task worker status: 
naming_0%4, pending tasks: 0
naming_1%4, pending tasks: 0
naming_2%4, pending tasks: 0
naming_3%4, pending tasks: 0


2021-11-12 16:51:29,660 INFO PERFORMANCE:|1|1|1|642|567|39|0

2021-11-12 16:51:29,660 INFO Task worker status: 
naming_0%4, pending tasks: 0
naming_1%4, pending tasks: 0
naming_2%4, pending tasks: 0
naming_3%4, pending tasks: 0


2021-11-12 16:52:29,670 INFO PERFORMANCE:|1|1|1|581|544|45|0

2021-11-12 16:52:29,670 INFO Task worker status: 
naming_0%4, pending tasks: 0
naming_1%4, pending tasks: 0
naming_2%4, pending tasks: 0
naming_3%4, pending tasks: 0


2021-11-12 16:53:29,680 INFO PERFORMANCE:|1|1|1|572|537|51|0

2021-11-12 16:53:29,680 INFO Task worker status: 
naming_0%4, pending tasks: 0
naming_1%4, pending tasks: 0
naming_2%4, pending tasks: 0
naming_3%4, pending tasks: 0


2021-11-12 16:54:29,691 INFO PERFORMANCE:|serviceCount|ipCount|subscribeCount|maxPushCost|avgPushCost|totalPushCount|failPushCount

2021-11-12 16:54:29,691 INFO PERFORMANCE:|1|1|1|563|537|57|0

2021-11-12 16:54:29,691 INFO Task worker status: 
naming_0%4, pending tasks: 0
naming_1%4, pending tasks: 0
naming_2%4, pending tasks: 0
naming_3%4, pending tasks: 0


2021-11-12 16:55:29,702 INFO PERFORMANCE:|1|1|1|592|565|63|0

2021-11-12 16:55:29,703 INFO Task worker status: 
naming_0%4, pending tasks: 0
naming_1%4, pending tasks: 0
naming_2%4, pending tasks: 0
naming_3%4, pending tasks: 0


2021-11-12 16:56:29,716 INFO PERFORMANCE:|1|1|1|733|600|69|0

2021-11-12 16:56:29,716 INFO Task worker status: 
naming_0%4, pending tasks: 0
naming_1%4, pending tasks: 0
naming_2%4, pending tasks: 0
naming_3%4, pending tasks: 0


2021-11-12 16:57:29,721 INFO PERFORMANCE:|1|1|1|614|571|75|0

2021-11-12 16:57:29,721 INFO Task worker status: 
naming_0%4, pending tasks: 0
naming_1%4, pending tasks: 0
naming_2%4, pending tasks: 0
naming_3%4, pending tasks: 0


2021-11-12 16:58:29,723 INFO PERFORMANCE:|1|1|1|604|550|81|0

2021-11-12 16:58:29,723 INFO Task worker status: 
naming_0%4, pending tasks: 0
naming_1%4, pending tasks: 0
naming_2%4, pending tasks: 0
naming_3%4, pending tasks: 0


2021-11-12 16:59:29,726 INFO PERFORMANCE:|1|1|1|551|532|87|0

2021-11-12 16:59:29,726 INFO Task worker status: 
naming_0%4, pending tasks: 0
naming_1%4, pending tasks: 0
naming_2%4, pending tasks: 0
naming_3%4, pending tasks: 0


2021-11-12 17:00:29,732 INFO PERFORMANCE:|1|1|1|605|554|93|0

2021-11-12 17:00:29,732 INFO Task worker status: 
naming_0%4, pending tasks: 0
naming_1%4, pending tasks: 0
naming_2%4, pending tasks: 0
naming_3%4, pending tasks: 0


2021-11-12 17:01:29,737 INFO PERFORMANCE:|1|1|1|591|548|99|0

2021-11-12 17:01:29,737 INFO Task worker status: 
naming_0%4, pending tasks: 0
naming_1%4, pending tasks: 0
naming_2%4, pending tasks: 0
naming_3%4, pending tasks: 0


2021-11-12 17:02:29,739 INFO PERFORMANCE:|1|1|1|607|556|105|0

2021-11-12 17:02:29,739 INFO Task worker status: 
naming_0%4, pending tasks: 0
naming_1%4, pending tasks: 0
naming_2%4, pending tasks: 0
naming_3%4, pending tasks: 0


2021-11-12 17:03:29,750 INFO PERFORMANCE:|1|1|1|605|556|111|0

2021-11-12 17:03:29,751 INFO Task worker status: 
naming_0%4, pending tasks: 0
naming_1%4, pending tasks: 0
naming_2%4, pending tasks: 0
naming_3%4, pending tasks: 0


2021-11-12 17:04:29,752 INFO PERFORMANCE:|serviceCount|ipCount|subscribeCount|maxPushCost|avgPushCost|totalPushCount|failPushCount

2021-11-12 17:04:29,752 INFO PERFORMANCE:|1|1|1|606|556|117|0

2021-11-12 17:04:29,753 INFO Task worker status: 
naming_0%4, pending tasks: 0
naming_1%4, pending tasks: 0
naming_2%4, pending tasks: 0
naming_3%4, pending tasks: 0


2021-11-12 17:05:29,763 INFO PERFORMANCE:|1|1|1|599|560|123|0

2021-11-12 17:05:29,763 INFO Task worker status: 
naming_0%4, pending tasks: 0
naming_1%4, pending tasks: 0
naming_2%4, pending tasks: 0
naming_3%4, pending tasks: 0


2021-11-12 17:06:29,776 INFO PERFORMANCE:|1|1|1|605|566|129|0

2021-11-12 17:06:29,777 INFO Task worker status: 
naming_0%4, pending tasks: 0
naming_1%4, pending tasks: 0
naming_2%4, pending tasks: 0
naming_3%4, pending tasks: 0


2021-11-12 17:07:29,790 INFO PERFORMANCE:|1|1|1|601|550|135|0

2021-11-12 17:07:29,790 INFO Task worker status: 
naming_0%4, pending tasks: 0
naming_1%4, pending tasks: 0
naming_2%4, pending tasks: 0
naming_3%4, pending tasks: 0


2021-11-12 17:08:29,801 INFO PERFORMANCE:|1|1|1|605|556|141|0

2021-11-12 17:08:29,802 INFO Task worker status: 
naming_0%4, pending tasks: 0
naming_1%4, pending tasks: 0
naming_2%4, pending tasks: 0
naming_3%4, pending tasks: 0


2021-11-12 17:09:29,817 INFO PERFORMANCE:|1|1|1|604|567|147|0

2021-11-12 17:09:29,818 INFO Task worker status: 
naming_0%4, pending tasks: 0
naming_1%4, pending tasks: 0
naming_2%4, pending tasks: 0
naming_3%4, pending tasks: 0


2021-11-12 17:10:29,821 INFO PERFORMANCE:|1|1|1|598|556|153|0

2021-11-12 17:10:29,821 INFO Task worker status: 
naming_0%4, pending tasks: 0
naming_1%4, pending tasks: 0
naming_2%4, pending tasks: 0
naming_3%4, pending tasks: 0


2021-11-12 17:11:29,832 INFO PERFORMANCE:|1|1|1|574|557|159|0

2021-11-12 17:11:29,832 INFO Task worker status: 
naming_0%4, pending tasks: 0
naming_1%4, pending tasks: 0
naming_2%4, pending tasks: 0
naming_3%4, pending tasks: 0


2021-11-12 17:12:29,835 INFO PERFORMANCE:|1|1|2|612|563|171|0

2021-11-12 17:12:29,835 INFO Task worker status: 
naming_0%4, pending tasks: 0
naming_1%4, pending tasks: 0
naming_2%4, pending tasks: 0
naming_3%4, pending tasks: 0


2021-11-12 17:13:29,847 INFO PERFORMANCE:|2|2|3|663|552|185|0

2021-11-12 17:13:29,847 INFO Task worker status: 
naming_0%4, pending tasks: 0
naming_1%4, pending tasks: 0
naming_2%4, pending tasks: 0
naming_3%4, pending tasks: 0


2021-11-12 17:14:29,848 INFO PERFORMANCE:|serviceCount|ipCount|subscribeCount|maxPushCost|avgPushCost|totalPushCount|failPushCount

2021-11-12 17:14:29,849 INFO PERFORMANCE:|2|2|3|610|560|202|0

2021-11-12 17:14:29,849 INFO Task worker status: 
naming_0%4, pending tasks: 0
naming_1%4, pending tasks: 0
naming_2%4, pending tasks: 0
naming_3%4, pending tasks: 0


2021-11-12 17:15:29,863 INFO PERFORMANCE:|2|1|3|614|560|221|0

2021-11-12 17:15:29,863 INFO Task worker status: 
naming_0%4, pending tasks: 0
naming_1%4, pending tasks: 0
naming_2%4, pending tasks: 0
naming_3%4, pending tasks: 0


2021-11-12 17:16:29,867 INFO PERFORMANCE:|2|2|2|1434|636|233|1

2021-11-12 17:16:29,867 INFO Task worker status: 
naming_0%4, pending tasks: 0
naming_1%4, pending tasks: 0
naming_2%4, pending tasks: 0
naming_3%4, pending tasks: 0


2021-11-12 17:17:29,878 INFO PERFORMANCE:|2|1|2|607|570|244|1

2021-11-12 17:17:29,878 INFO Task worker status: 
naming_0%4, pending tasks: 0
naming_1%4, pending tasks: 0
naming_2%4, pending tasks: 0
naming_3%4, pending tasks: 0


2021-11-12 17:18:29,879 INFO PERFORMANCE:|2|2|3|613|573|263|2

2021-11-12 17:18:29,879 INFO Task worker status: 
naming_0%4, pending tasks: 0
naming_1%4, pending tasks: 0
naming_2%4, pending tasks: 0
naming_3%4, pending tasks: 0


2021-11-12 17:19:29,883 INFO PERFORMANCE:|3|3|4|672|579|287|2

2021-11-12 17:19:29,884 INFO Task worker status: 
naming_0%4, pending tasks: 0
naming_1%4, pending tasks: 0
naming_2%4, pending tasks: 0
naming_3%4, pending tasks: 0


2021-11-12 17:20:29,892 INFO PERFORMANCE:|3|3|4|630|565|312|3

2021-11-12 17:20:29,892 INFO Task worker status: 
naming_0%4, pending tasks: 0
naming_1%4, pending tasks: 0
naming_2%4, pending tasks: 0
naming_3%4, pending tasks: 0


2021-11-12 17:21:29,904 INFO PERFORMANCE:|3|3|4|610|566|336|3

2021-11-12 17:21:29,904 INFO Task worker status: 
naming_0%4, pending tasks: 0
naming_1%4, pending tasks: 0
naming_2%4, pending tasks: 0
naming_3%4, pending tasks: 0


2021-11-12 17:22:29,917 INFO PERFORMANCE:|3|3|5|611|561|362|3

2021-11-12 17:22:29,917 INFO Task worker status: 
naming_0%4, pending tasks: 0
naming_1%4, pending tasks: 0
naming_2%4, pending tasks: 0
naming_3%4, pending tasks: 0


2021-11-12 17:23:29,923 INFO PERFORMANCE:|3|3|6|993|577|389|3

2021-11-12 17:23:29,923 INFO Task worker status: 
naming_0%4, pending tasks: 0
naming_1%4, pending tasks: 0
naming_2%4, pending tasks: 0
naming_3%4, pending tasks: 0


2021-11-12 17:24:29,929 INFO PERFORMANCE:|serviceCount|ipCount|subscribeCount|maxPushCost|avgPushCost|totalPushCount|failPushCount

2021-11-12 17:24:29,929 INFO PERFORMANCE:|3|3|4|616|560|413|4

2021-11-12 17:24:29,929 INFO Task worker status: 
naming_0%4, pending tasks: 0
naming_1%4, pending tasks: 0
naming_2%4, pending tasks: 0
naming_3%4, pending tasks: 0


2021-11-12 17:25:29,938 INFO PERFORMANCE:|3|3|4|612|554|437|5

2021-11-12 17:25:29,938 INFO Task worker status: 
naming_0%4, pending tasks: 0
naming_1%4, pending tasks: 0
naming_2%4, pending tasks: 0
naming_3%4, pending tasks: 0


2021-11-12 17:26:29,940 INFO PERFORMANCE:|3|3|5|610|554|460|5

2021-11-12 17:26:29,940 INFO Task worker status: 
naming_0%4, pending tasks: 0
naming_1%4, pending tasks: 0
naming_2%4, pending tasks: 0
naming_3%4, pending tasks: 0


2021-11-12 17:27:29,940 INFO PERFORMANCE:|3|2|4|612|553|486|6

2021-11-12 17:27:29,940 INFO Task worker status: 
naming_0%4, pending tasks: 0
naming_1%4, pending tasks: 0
naming_2%4, pending tasks: 0
naming_3%4, pending tasks: 0


2021-11-12 17:28:29,950 INFO PERFORMANCE:|3|2|2|609|556|498|6

2021-11-12 17:28:29,951 INFO Task worker status: 
naming_0%4, pending tasks: 0
naming_1%4, pending tasks: 0
naming_2%4, pending tasks: 0
naming_3%4, pending tasks: 0


2021-11-12 17:29:29,959 INFO PERFORMANCE:|3|3|3|617|560|514|6

2021-11-12 17:29:29,959 INFO Task worker status: 
naming_0%4, pending tasks: 0
naming_1%4, pending tasks: 0
naming_2%4, pending tasks: 0
naming_3%4, pending tasks: 0


2021-11-12 17:30:29,973 INFO PERFORMANCE:|3|2|4|603|555|537|6

2021-11-12 17:30:29,973 INFO Task worker status: 
naming_0%4, pending tasks: 0
naming_1%4, pending tasks: 0
naming_2%4, pending tasks: 0
naming_3%4, pending tasks: 0


2021-11-12 17:31:29,979 INFO PERFORMANCE:|3|2|2|605|555|549|6

2021-11-12 17:31:29,979 INFO Task worker status: 
naming_0%4, pending tasks: 0
naming_1%4, pending tasks: 0
naming_2%4, pending tasks: 0
naming_3%4, pending tasks: 0


2021-11-12 17:32:29,991 INFO PERFORMANCE:|2|2|2|606|559|561|6

2021-11-12 17:32:29,991 INFO Task worker status: 
naming_0%4, pending tasks: 0
naming_1%4, pending tasks: 0
naming_2%4, pending tasks: 0
naming_3%4, pending tasks: 0


2021-11-12 17:33:29,994 INFO PERFORMANCE:|2|2|2|606|561|573|6

2021-11-12 17:33:29,994 INFO Task worker status: 
naming_0%4, pending tasks: 0
naming_1%4, pending tasks: 0
naming_2%4, pending tasks: 0
naming_3%4, pending tasks: 0


2021-11-12 17:34:30,004 INFO PERFORMANCE:|serviceCount|ipCount|subscribeCount|maxPushCost|avgPushCost|totalPushCount|failPushCount

2021-11-12 17:34:30,004 INFO PERFORMANCE:|2|2|2|607|554|585|6

2021-11-12 17:34:30,005 INFO Task worker status: 
naming_0%4, pending tasks: 0
naming_1%4, pending tasks: 0
naming_2%4, pending tasks: 0
naming_3%4, pending tasks: 0


2021-11-12 17:35:30,011 INFO PERFORMANCE:|2|2|2|597|558|597|6

2021-11-12 17:35:30,011 INFO Task worker status: 
naming_0%4, pending tasks: 0
naming_1%4, pending tasks: 0
naming_2%4, pending tasks: 0
naming_3%4, pending tasks: 0


2021-11-12 17:36:30,025 INFO PERFORMANCE:|3|3|3|656|565|614|6

2021-11-12 17:36:30,025 INFO Task worker status: 
naming_0%4, pending tasks: 0
naming_1%4, pending tasks: 0
naming_2%4, pending tasks: 0
naming_3%4, pending tasks: 0


2021-11-12 17:37:30,027 INFO PERFORMANCE:|3|2|3|645|569|633|6

2021-11-12 17:37:30,027 INFO Task worker status: 
naming_0%4, pending tasks: 0
naming_1%4, pending tasks: 0
naming_2%4, pending tasks: 0
naming_3%4, pending tasks: 0


2021-11-12 17:38:30,041 INFO PERFORMANCE:|3|2|2|586|554|645|6

2021-11-12 17:38:30,041 INFO Task worker status: 
naming_0%4, pending tasks: 0
naming_1%4, pending tasks: 0
naming_2%4, pending tasks: 0
naming_3%4, pending tasks: 0


2021-11-12 17:39:30,109 INFO PERFORMANCE:|2|2|2|623|567|657|6

2021-11-12 17:39:30,109 INFO Task worker status: 
naming_0%4, pending tasks: 0
naming_1%4, pending tasks: 0
naming_2%4, pending tasks: 0
naming_3%4, pending tasks: 0


2021-11-12 17:40:30,121 INFO PERFORMANCE:|3|2|3|612|564|677|6

2021-11-12 17:40:30,121 INFO Task worker status: 
naming_0%4, pending tasks: 0
naming_1%4, pending tasks: 0
naming_2%4, pending tasks: 0
naming_3%4, pending tasks: 0


2021-11-12 17:41:30,129 INFO PERFORMANCE:|3|2|3|771|575|690|6

2021-11-12 17:41:30,129 INFO Task worker status: 
naming_0%4, pending tasks: 0
naming_1%4, pending tasks: 0
naming_2%4, pending tasks: 0
naming_3%4, pending tasks: 0


2021-11-12 17:42:30,132 INFO PERFORMANCE:|3|2|4|606|566|713|6

2021-11-12 17:42:30,132 INFO Task worker status: 
naming_0%4, pending tasks: 0
naming_1%4, pending tasks: 0
naming_2%4, pending tasks: 0
naming_3%4, pending tasks: 0


2021-11-12 17:43:30,144 INFO PERFORMANCE:|3|2|2|592|542|725|6

2021-11-12 17:43:30,144 INFO Task worker status: 
naming_0%4, pending tasks: 0
naming_1%4, pending tasks: 0
naming_2%4, pending tasks: 0
naming_3%4, pending tasks: 0


2021-11-12 17:44:30,150 INFO PERFORMANCE:|serviceCount|ipCount|subscribeCount|maxPushCost|avgPushCost|totalPushCount|failPushCount

2021-11-12 17:44:30,150 INFO PERFORMANCE:|2|2|2|634|572|737|6

2021-11-12 17:44:30,150 INFO Task worker status: 
naming_0%4, pending tasks: 0
naming_1%4, pending tasks: 0
naming_2%4, pending tasks: 0
naming_3%4, pending tasks: 0


2021-11-12 17:45:30,158 INFO PERFORMANCE:|2|2|2|617|575|749|6

2021-11-12 17:45:30,158 INFO Task worker status: 
naming_0%4, pending tasks: 0
naming_1%4, pending tasks: 0
naming_2%4, pending tasks: 0
naming_3%4, pending tasks: 0


2021-11-12 17:46:30,161 INFO PERFORMANCE:|2|2|2|615|565|761|6

2021-11-12 17:46:30,161 INFO Task worker status: 
naming_0%4, pending tasks: 0
naming_1%4, pending tasks: 0
naming_2%4, pending tasks: 0
naming_3%4, pending tasks: 0


2021-11-12 17:47:30,174 INFO PERFORMANCE:|2|2|2|614|585|773|6

2021-11-12 17:47:30,174 INFO Task worker status: 
naming_0%4, pending tasks: 0
naming_1%4, pending tasks: 0
naming_2%4, pending tasks: 0
naming_3%4, pending tasks: 0


2021-11-12 17:48:30,190 INFO PERFORMANCE:|3|3|4|694|561|793|6

2021-11-12 17:48:30,197 INFO Task worker status: 
naming_0%4, pending tasks: 0
naming_1%4, pending tasks: 0
naming_2%4, pending tasks: 0
naming_3%4, pending tasks: 0


2021-11-12 17:49:30,205 INFO PERFORMANCE:|3|2|2|795|577|808|6

2021-11-12 17:49:30,206 INFO Task worker status: 
naming_0%4, pending tasks: 0
naming_1%4, pending tasks: 0
naming_2%4, pending tasks: 0
naming_3%4, pending tasks: 0


2021-11-12 17:50:30,220 INFO PERFORMANCE:|2|2|2|618|547|820|6

2021-11-12 17:50:30,220 INFO Task worker status: 
naming_0%4, pending tasks: 0
naming_1%4, pending tasks: 0
naming_2%4, pending tasks: 0
naming_3%4, pending tasks: 0


2021-11-12 17:51:30,231 INFO PERFORMANCE:|2|2|2|604|561|832|6

2021-11-12 17:51:30,231 INFO Task worker status: 
naming_0%4, pending tasks: 0
naming_1%4, pending tasks: 0
naming_2%4, pending tasks: 0
naming_3%4, pending tasks: 0


2021-11-12 17:52:30,232 INFO PERFORMANCE:|3|3|4|631|557|853|6

2021-11-12 17:52:30,233 INFO Task worker status: 
naming_0%4, pending tasks: 0
naming_1%4, pending tasks: 0
naming_2%4, pending tasks: 0
naming_3%4, pending tasks: 0


2021-11-12 17:53:30,234 INFO PERFORMANCE:|3|3|4|631|574|877|6

2021-11-12 17:53:30,234 INFO Task worker status: 
naming_0%4, pending tasks: 0
naming_1%4, pending tasks: 0
naming_2%4, pending tasks: 0
naming_3%4, pending tasks: 0


2021-11-12 17:54:30,236 INFO PERFORMANCE:|serviceCount|ipCount|subscribeCount|maxPushCost|avgPushCost|totalPushCount|failPushCount

2021-11-12 17:54:30,236 INFO PERFORMANCE:|3|3|4|612|561|901|6

2021-11-12 17:54:30,236 INFO Task worker status: 
naming_0%4, pending tasks: 0
naming_1%4, pending tasks: 0
naming_2%4, pending tasks: 0
naming_3%4, pending tasks: 0


2021-11-12 17:55:30,237 INFO PERFORMANCE:|3|3|4|661|569|924|6

2021-11-12 17:55:30,238 INFO Task worker status: 
naming_0%4, pending tasks: 0
naming_1%4, pending tasks: 0
naming_2%4, pending tasks: 0
naming_3%4, pending tasks: 0


2021-11-12 17:56:30,243 INFO PERFORMANCE:|3|3|4|615|575|948|6

2021-11-12 17:56:30,243 INFO Task worker status: 
naming_0%4, pending tasks: 0
naming_1%4, pending tasks: 0
naming_2%4, pending tasks: 0
naming_3%4, pending tasks: 0


2021-11-12 17:57:30,245 INFO PERFORMANCE:|3|3|4|643|558|972|6

2021-11-12 17:57:30,245 INFO Task worker status: 
naming_0%4, pending tasks: 0
naming_1%4, pending tasks: 0
naming_2%4, pending tasks: 0
naming_3%4, pending tasks: 0


2021-11-12 17:58:30,257 INFO PERFORMANCE:|3|3|4|627|565|996|6

2021-11-12 17:58:30,257 INFO Task worker status: 
naming_0%4, pending tasks: 0
naming_1%4, pending tasks: 0
naming_2%4, pending tasks: 0
naming_3%4, pending tasks: 0


2021-11-12 17:59:30,272 INFO PERFORMANCE:|3|3|4|611|564|1020|6

2021-11-12 17:59:30,272 INFO Task worker status: 
naming_0%4, pending tasks: 0
naming_1%4, pending tasks: 0
naming_2%4, pending tasks: 0
naming_3%4, pending tasks: 0


2021-11-12 18:00:30,273 INFO PERFORMANCE:|3|3|4|583|549|1044|6

2021-11-12 18:00:30,273 INFO Task worker status: 
naming_0%4, pending tasks: 0
naming_1%4, pending tasks: 0
naming_2%4, pending tasks: 0
naming_3%4, pending tasks: 0


2021-11-12 18:01:30,274 INFO PERFORMANCE:|3|3|4|624|554|1068|6

2021-11-12 18:01:30,274 INFO Task worker status: 
naming_0%4, pending tasks: 0
naming_1%4, pending tasks: 0
naming_2%4, pending tasks: 0
naming_3%4, pending tasks: 0


2021-11-12 18:02:30,279 INFO PERFORMANCE:|3|3|4|611|551|1092|6

2021-11-12 18:02:30,279 INFO Task worker status: 
naming_0%4, pending tasks: 0
naming_1%4, pending tasks: 0
naming_2%4, pending tasks: 0
naming_3%4, pending tasks: 0


2021-11-12 18:03:30,286 INFO PERFORMANCE:|3|3|4|615|559|1116|6

2021-11-12 18:03:30,286 INFO Task worker status: 
naming_0%4, pending tasks: 0
naming_1%4, pending tasks: 0
naming_2%4, pending tasks: 0
naming_3%4, pending tasks: 0


2021-11-12 18:04:30,300 INFO PERFORMANCE:|serviceCount|ipCount|subscribeCount|maxPushCost|avgPushCost|totalPushCount|failPushCount

2021-11-12 18:04:30,300 INFO PERFORMANCE:|3|3|4|636|567|1140|6

2021-11-12 18:04:30,300 INFO Task worker status: 
naming_0%4, pending tasks: 0
naming_1%4, pending tasks: 0
naming_2%4, pending tasks: 0
naming_3%4, pending tasks: 0


2021-11-12 18:05:30,312 INFO PERFORMANCE:|3|3|4|611|563|1164|6

2021-11-12 18:05:30,312 INFO Task worker status: 
naming_0%4, pending tasks: 0
naming_1%4, pending tasks: 0
naming_2%4, pending tasks: 0
naming_3%4, pending tasks: 0


2021-11-12 18:06:30,327 INFO PERFORMANCE:|3|3|4|612|568|1188|6

2021-11-12 18:06:30,328 INFO Task worker status: 
naming_0%4, pending tasks: 0
naming_1%4, pending tasks: 0
naming_2%4, pending tasks: 0
naming_3%4, pending tasks: 0


2021-11-12 18:07:30,336 INFO PERFORMANCE:|3|3|4|664|562|1212|6

2021-11-12 18:07:30,336 INFO Task worker status: 
naming_0%4, pending tasks: 0
naming_1%4, pending tasks: 0
naming_2%4, pending tasks: 0
naming_3%4, pending tasks: 0


2021-11-12 18:08:30,342 INFO PERFORMANCE:|3|3|4|608|573|1236|6

2021-11-12 18:08:30,342 INFO Task worker status: 
naming_0%4, pending tasks: 0
naming_1%4, pending tasks: 0
naming_2%4, pending tasks: 0
naming_3%4, pending tasks: 0


2021-11-12 18:09:30,357 INFO PERFORMANCE:|3|3|4|600|552|1260|6

2021-11-12 18:09:30,357 INFO Task worker status: 
naming_0%4, pending tasks: 0
naming_1%4, pending tasks: 0
naming_2%4, pending tasks: 0
naming_3%4, pending tasks: 0


2021-11-12 18:10:30,361 INFO PERFORMANCE:|3|3|4|620|557|1284|6

2021-11-12 18:10:30,361 INFO Task worker status: 
naming_0%4, pending tasks: 0
naming_1%4, pending tasks: 0
naming_2%4, pending tasks: 0
naming_3%4, pending tasks: 0


2021-11-12 18:11:30,366 INFO PERFORMANCE:|3|3|4|632|553|1308|6

2021-11-12 18:11:30,366 INFO Task worker status: 
naming_0%4, pending tasks: 0
naming_1%4, pending tasks: 0
naming_2%4, pending tasks: 0
naming_3%4, pending tasks: 0


2021-11-12 18:12:30,370 INFO PERFORMANCE:|3|3|4|614|574|1332|6

2021-11-12 18:12:30,370 INFO Task worker status: 
naming_0%4, pending tasks: 0
naming_1%4, pending tasks: 0
naming_2%4, pending tasks: 0
naming_3%4, pending tasks: 0


2021-11-12 18:13:30,378 INFO PERFORMANCE:|3|3|4|618|559|1356|6

2021-11-12 18:13:30,378 INFO Task worker status: 
naming_0%4, pending tasks: 0
naming_1%4, pending tasks: 0
naming_2%4, pending tasks: 0
naming_3%4, pending tasks: 0


2021-11-12 18:14:30,380 INFO PERFORMANCE:|serviceCount|ipCount|subscribeCount|maxPushCost|avgPushCost|totalPushCount|failPushCount

2021-11-12 18:14:30,380 INFO PERFORMANCE:|3|3|4|613|543|1380|6

2021-11-12 18:14:30,380 INFO Task worker status: 
naming_0%4, pending tasks: 0
naming_1%4, pending tasks: 0
naming_2%4, pending tasks: 0
naming_3%4, pending tasks: 0


2021-11-12 18:15:30,393 INFO PERFORMANCE:|3|3|4|611|550|1404|6

2021-11-12 18:15:30,393 INFO Task worker status: 
naming_0%4, pending tasks: 0
naming_1%4, pending tasks: 0
naming_2%4, pending tasks: 0
naming_3%4, pending tasks: 0


2021-11-12 18:16:30,406 INFO PERFORMANCE:|3|3|4|608|567|1428|6

2021-11-12 18:16:30,406 INFO Task worker status: 
naming_0%4, pending tasks: 0
naming_1%4, pending tasks: 0
naming_2%4, pending tasks: 0
naming_3%4, pending tasks: 0


2021-11-12 18:17:30,408 INFO PERFORMANCE:|3|3|4|612|568|1452|6

2021-11-12 18:17:30,408 INFO Task worker status: 
naming_0%4, pending tasks: 0
naming_1%4, pending tasks: 0
naming_2%4, pending tasks: 0
naming_3%4, pending tasks: 0


