2021-10-22 10:11:19,836 INFO raft peers changed: [Member{ip='10.0.0.8', port=8848, state=UP, extendInfo={raftPort=7848}}]

2021-10-22 10:11:19,873 INFO initializing Raft sub-system

2021-10-22 10:11:19,873 INFO finish loading all datums, size: 0 cost 0 ms.

2021-10-22 10:11:19,877 INFO cache loaded, datum count: 0, current term: 0

2021-10-22 10:11:19,877 INFO finish to load data from disk, cost: 4 ms.

2021-10-22 10:11:19,881 INFO timer started: leader timeout ms: 15000, heart-beat timeout ms: 5000

2021-10-22 10:11:20,050 INFO add listener: com.alibaba.nacos.naming.domains.meta.

2021-10-22 10:11:20,641 INFO add listener: com.alibaba.nacos.naming.domains.meta.00-00---000-NACOS_SWITCH_DOMAIN-000---00-00

2021-10-22 10:11:24,184 INFO raft peers changed: [Member{ip='10.0.0.8', port=8848, state=UP, extendInfo={lastRefreshTime=1634868684122, raftMetaData=com.alibaba.nacos.consistency.ProtocolMetaData@79ba0f31, raftPort=7848, version=2.0.0}}]

2021-10-22 10:11:24,894 WARN start to close old raft protocol!!!

2021-10-22 10:11:24,894 WARN stop old raft protocol task for notifier

2021-10-22 10:11:24,894 WARN stop old raft protocol task for master task

2021-10-22 10:11:24,894 WARN stop old raft protocol task for heartbeat task

2021-10-22 10:11:24,894 WARN clean old cache datum for old raft

2021-10-22 10:11:24,894 WARN start to close old raft protocol!!!

2021-10-22 10:11:24,894 WARN stop old raft protocol task for notifier

2021-10-22 10:11:24,894 WARN stop old raft protocol task for master task

2021-10-22 10:11:24,894 WARN stop old raft protocol task for heartbeat task

2021-10-22 10:11:24,894 WARN clean old cache datum for old raft

2021-10-22 10:11:24,894 WARN start to move old raft protocol metadata

2021-10-22 10:11:24,895 WARN start to move old raft protocol metadata

