2021-11-12 16:43:57,009 INFO Register tps control,pointName=CONFIG_PUSH_COUNT, point=com.alibaba.nacos.core.remote.control.TpsMonitorPoint@5ce4369b 

2021-11-12 16:43:57,037 INFO Load rule from local,pointName=CONFIG_PUSH_COUNT, ruleContent= 

2021-11-12 16:43:57,037 INFO Apply tps control rule parse start,pointName=[CONFIG_PUSH_COUNT]  

2021-11-12 16:43:57,037 INFO Clear point  control rule ,pointName=[CONFIG_PUSH_COUNT]  

2021-11-12 16:43:57,037 INFO Clear point  control rule for monitorKeys, pointName=[CONFIG_PUSH_COUNT]  

2021-11-12 16:43:57,037 INFO Register tps control,pointName=CONFIG_PUSH_SUCCESS, point=com.alibaba.nacos.core.remote.control.TpsMonitorPoint@7f829c76 

2021-11-12 16:43:57,053 INFO Load rule from local,pointName=CONFIG_PUSH_SUCCESS, ruleContent= 

2021-11-12 16:43:57,054 INFO Apply tps control rule parse start,pointName=[CONFIG_PUSH_SUCCESS]  

2021-11-12 16:43:57,054 INFO Clear point  control rule ,pointName=[CONFIG_PUSH_SUCCESS]  

2021-11-12 16:43:57,055 INFO Clear point  control rule for monitorKeys, pointName=[CONFIG_PUSH_SUCCESS]  

2021-11-12 16:43:57,055 INFO Register tps control,pointName=CONFIG_PUSH_FAIL, point=com.alibaba.nacos.core.remote.control.TpsMonitorPoint@1cb19dba 

2021-11-12 16:43:57,056 INFO Load rule from local,pointName=CONFIG_PUSH_FAIL, ruleContent= 

2021-11-12 16:43:57,056 INFO Apply tps control rule parse start,pointName=[CONFIG_PUSH_FAIL]  

2021-11-12 16:43:57,056 INFO Clear point  control rule ,pointName=[CONFIG_PUSH_FAIL]  

2021-11-12 16:43:57,056 INFO Clear point  control rule for monitorKeys, pointName=[CONFIG_PUSH_FAIL]  

2021-11-12 16:44:09,175 INFO Register tps control,pointName=ConfigQuery, point=com.alibaba.nacos.core.remote.control.TpsMonitorPoint@56913163 

2021-11-12 16:44:09,176 INFO Load rule from local,pointName=ConfigQuery, ruleContent= 

2021-11-12 16:44:09,176 INFO Apply tps control rule parse start,pointName=[ConfigQuery]  

2021-11-12 16:44:09,176 INFO Clear point  control rule ,pointName=[ConfigQuery]  

2021-11-12 16:44:09,179 INFO Clear point  control rule for monitorKeys, pointName=[ConfigQuery]  

2021-11-12 16:44:09,181 INFO Register tps control,pointName=ClusterConfigChangeNotify, point=com.alibaba.nacos.core.remote.control.TpsMonitorPoint@702b06fb 

2021-11-12 16:44:09,181 INFO Load rule from local,pointName=ClusterConfigChangeNotify, ruleContent= 

2021-11-12 16:44:09,181 INFO Apply tps control rule parse start,pointName=[ClusterConfigChangeNotify]  

2021-11-12 16:44:09,181 INFO Clear point  control rule ,pointName=[ClusterConfigChangeNotify]  

2021-11-12 16:44:09,181 INFO Clear point  control rule for monitorKeys, pointName=[ClusterConfigChangeNotify]  

2021-11-12 16:44:09,182 INFO Register tps control,pointName=ConfigListen, point=com.alibaba.nacos.core.remote.control.TpsMonitorPoint@a18649a 

2021-11-12 16:44:09,182 INFO Load rule from local,pointName=ConfigListen, ruleContent= 

2021-11-12 16:44:09,182 INFO Apply tps control rule parse start,pointName=[ConfigListen]  

2021-11-12 16:44:09,182 INFO Clear point  control rule ,pointName=[ConfigListen]  

2021-11-12 16:44:09,182 INFO Clear point  control rule for monitorKeys, pointName=[ConfigListen]  

2021-11-12 16:44:09,182 INFO Register tps control,pointName=ConfigRemove, point=com.alibaba.nacos.core.remote.control.TpsMonitorPoint@5c534b5b 

2021-11-12 16:44:09,182 INFO Load rule from local,pointName=ConfigRemove, ruleContent= 

2021-11-12 16:44:09,182 INFO Apply tps control rule parse start,pointName=[ConfigRemove]  

2021-11-12 16:44:09,183 INFO Clear point  control rule ,pointName=[ConfigRemove]  

2021-11-12 16:44:09,183 INFO Clear point  control rule for monitorKeys, pointName=[ConfigRemove]  

2021-11-12 16:44:09,183 INFO Register tps control,pointName=ConfigPublish, point=com.alibaba.nacos.core.remote.control.TpsMonitorPoint@396639b 

2021-11-12 16:44:09,184 INFO Load rule from local,pointName=ConfigPublish, ruleContent= 

2021-11-12 16:44:09,184 INFO Apply tps control rule parse start,pointName=[ConfigPublish]  

2021-11-12 16:44:09,184 INFO Clear point  control rule ,pointName=[ConfigPublish]  

2021-11-12 16:44:09,184 INFO Clear point  control rule for monitorKeys, pointName=[ConfigPublish]  

2021-11-12 16:44:09,184 INFO Register tps control,pointName=HealthCheck, point=com.alibaba.nacos.core.remote.control.TpsMonitorPoint@2b22a1cc 

2021-11-12 16:44:09,184 INFO Load rule from local,pointName=HealthCheck, ruleContent= 

2021-11-12 16:44:09,184 INFO Apply tps control rule parse start,pointName=[HealthCheck]  

2021-11-12 16:44:09,184 INFO Clear point  control rule ,pointName=[HealthCheck]  

2021-11-12 16:44:09,184 INFO Clear point  control rule for monitorKeys, pointName=[HealthCheck]  

2021-11-12 16:45:16,791 INFO Register tps control,pointName=NAMING_RPC_PUSH, point=com.alibaba.nacos.core.remote.control.TpsMonitorPoint@4d1c17c3 

2021-11-12 16:45:16,793 INFO Load rule from local,pointName=NAMING_RPC_PUSH, ruleContent= 

2021-11-12 16:45:16,793 INFO Apply tps control rule parse start,pointName=[NAMING_RPC_PUSH]  

2021-11-12 16:45:16,793 INFO Clear point  control rule ,pointName=[NAMING_RPC_PUSH]  

2021-11-12 16:45:16,793 INFO Clear point  control rule for monitorKeys, pointName=[NAMING_RPC_PUSH]  

2021-11-12 16:45:16,793 INFO Register tps control,pointName=NAMING_RPC_PUSH_SUCCESS, point=com.alibaba.nacos.core.remote.control.TpsMonitorPoint@1917d92f 

2021-11-12 16:45:16,801 INFO Load rule from local,pointName=NAMING_RPC_PUSH_SUCCESS, ruleContent= 

2021-11-12 16:45:16,801 INFO Apply tps control rule parse start,pointName=[NAMING_RPC_PUSH_SUCCESS]  

2021-11-12 16:45:16,801 INFO Clear point  control rule ,pointName=[NAMING_RPC_PUSH_SUCCESS]  

2021-11-12 16:45:16,801 INFO Clear point  control rule for monitorKeys, pointName=[NAMING_RPC_PUSH_SUCCESS]  

2021-11-12 16:45:16,801 INFO Register tps control,pointName=NAMING_RPC_PUSH_FAIL, point=com.alibaba.nacos.core.remote.control.TpsMonitorPoint@14159a72 

2021-11-12 16:45:16,801 INFO Load rule from local,pointName=NAMING_RPC_PUSH_FAIL, ruleContent= 

2021-11-12 16:45:16,801 INFO Apply tps control rule parse start,pointName=[NAMING_RPC_PUSH_FAIL]  

2021-11-12 16:45:16,801 INFO Clear point  control rule ,pointName=[NAMING_RPC_PUSH_FAIL]  

2021-11-12 16:45:16,801 INFO Clear point  control rule for monitorKeys, pointName=[NAMING_RPC_PUSH_FAIL]  

2021-11-12 16:45:16,801 INFO Register tps control,pointName=NAMING_UDP_PUSH, point=com.alibaba.nacos.core.remote.control.TpsMonitorPoint@14838155 

2021-11-12 16:45:16,801 INFO Load rule from local,pointName=NAMING_UDP_PUSH, ruleContent= 

2021-11-12 16:45:16,801 INFO Apply tps control rule parse start,pointName=[NAMING_UDP_PUSH]  

2021-11-12 16:45:16,801 INFO Clear point  control rule ,pointName=[NAMING_UDP_PUSH]  

2021-11-12 16:45:16,801 INFO Clear point  control rule for monitorKeys, pointName=[NAMING_UDP_PUSH]  

2021-11-12 16:45:16,801 INFO Register tps control,pointName=NAMING_UDP_PUSH_SUCCESS, point=com.alibaba.nacos.core.remote.control.TpsMonitorPoint@398c2e09 

2021-11-12 16:45:16,801 INFO Load rule from local,pointName=NAMING_UDP_PUSH_SUCCESS, ruleContent= 

2021-11-12 16:45:16,801 INFO Apply tps control rule parse start,pointName=[NAMING_UDP_PUSH_SUCCESS]  

2021-11-12 16:45:16,801 INFO Clear point  control rule ,pointName=[NAMING_UDP_PUSH_SUCCESS]  

2021-11-12 16:45:16,801 INFO Clear point  control rule for monitorKeys, pointName=[NAMING_UDP_PUSH_SUCCESS]  

2021-11-12 16:45:16,801 INFO Register tps control,pointName=NAMING_UDP_PUSH_FAIL, point=com.alibaba.nacos.core.remote.control.TpsMonitorPoint@1ef546b6 

2021-11-12 16:45:16,801 INFO Load rule from local,pointName=NAMING_UDP_PUSH_FAIL, ruleContent= 

2021-11-12 16:45:16,801 INFO Apply tps control rule parse start,pointName=[NAMING_UDP_PUSH_FAIL]  

2021-11-12 16:45:16,801 INFO Clear point  control rule ,pointName=[NAMING_UDP_PUSH_FAIL]  

2021-11-12 16:45:16,802 INFO Clear point  control rule for monitorKeys, pointName=[NAMING_UDP_PUSH_FAIL]  

